<?xml version="1.0" encoding="UTF-8"?>
<testsuite name="create user" tests="1" skipped="0" failures="1" errors="0" timestamp="2022-03-30T04:44:03" hostname="DESKTOP-M6O1HBC" time="29.265">
  <properties/>
  <testcase name="create user on the platform" classname="create user" time="29.265">
    <failure message="cucumber.runtime.CucumberException: Arity mismatch: Step Definition 'co.com.choucair.certification.prueba.stepdefinitions.Stepdefinitions.theCreationIsCompletedByFillingInTheDataAndPressingTheButtonSubmit(String) in file:/C:/Users/ING.%20MANUEL%20BOLA%c3%91O/Desktop/pruebatecnicamanuel2-main/build/classes/java/test/' with pattern [^the creation is completed by filling in the data and pressing (.*)$] is declared with 1 parameters. However, the gherkin step has 2 arguments [the button submit, Table:[[button], [submit]]]. &#10;Step text: the creation is completed by filling in the data and pressing the button submit" type="cucumber.runtime.CucumberException">cucumber.runtime.CucumberException: Arity mismatch: Step Definition 'co.com.choucair.certification.prueba.stepdefinitions.Stepdefinitions.theCreationIsCompletedByFillingInTheDataAndPressingTheButtonSubmit(String) in file:/C:/Users/ING.%20MANUEL%20BOLA%c3%91O/Desktop/pruebatecnicamanuel2-main/build/classes/java/test/' with pattern [^the creation is completed by filling in the data and pressing (.*)$] is declared with 1 parameters. However, the gherkin step has 2 arguments [the button submit, Table:[[button], [submit]]]. 
Step text: the creation is completed by filling in the data and pressing the button submit
	at cucumber.runtime.StepDefinitionMatch.arityMismatch(StepDefinitionMatch.java:111)
	at cucumber.runtime.StepDefinitionMatch.transformedArgs(StepDefinitionMatch.java:66)
	at cucumber.runtime.StepDefinitionMatch.runStep(StepDefinitionMatch.java:40)
	at cucumber.api.TestStep.executeStep(TestStep.java:102)
	at cucumber.api.TestStep.run(TestStep.java:83)
	at cucumber.api.TestCase.run(TestCase.java:58)
	at cucumber.runner.Runner.runPickle(Runner.java:80)
	at cucumber.runtime.junit.PickleRunners$NoStepDescriptions.run(PickleRunners.java:140)
	at cucumber.runtime.junit.FeatureRunner.runChild(FeatureRunner.java:68)
	at cucumber.runtime.junit.FeatureRunner.runChild(FeatureRunner.java:23)
	at org.junit.runners.ParentRunner$3.run(ParentRunner.java:290)
	at org.junit.runners.ParentRunner$1.schedule(ParentRunner.java:71)
	at org.junit.runners.ParentRunner.runChildren(ParentRunner.java:288)
	at org.junit.runners.ParentRunner.access$000(ParentRunner.java:58)
	at org.junit.runners.ParentRunner$2.evaluate(ParentRunner.java:268)
	at org.junit.runners.ParentRunner.run(ParentRunner.java:363)
	at cucumber.runtime.junit.FeatureRunner.run(FeatureRunner.java:73)
	at cucumber.api.junit.Cucumber.runChild(Cucumber.java:118)
	at cucumber.api.junit.Cucumber.runChild(Cucumber.java:56)
	at org.junit.runners.ParentRunner$3.run(ParentRunner.java:290)
	at org.junit.runners.ParentRunner$1.schedule(ParentRunner.java:71)
	at org.junit.runners.ParentRunner.runChildren(ParentRunner.java:288)
	at org.junit.runners.ParentRunner.access$000(ParentRunner.java:58)
	at org.junit.runners.ParentRunner$2.evaluate(ParentRunner.java:268)
	at cucumber.api.junit.Cucumber$1.evaluate(Cucumber.java:127)
	at org.junit.runners.ParentRunner.run(ParentRunner.java:363)
	at org.gradle.api.internal.tasks.testing.junit.JUnitTestClassExecutor.runTestClass(JUnitTestClassExecutor.java:110)
	at org.gradle.api.internal.tasks.testing.junit.JUnitTestClassExecutor.execute(JUnitTestClassExecutor.java:58)
	at org.gradle.api.internal.tasks.testing.junit.JUnitTestClassExecutor.execute(JUnitTestClassExecutor.java:38)
	at org.gradle.api.internal.tasks.testing.junit.AbstractJUnitTestClassProcessor.processTestClass(AbstractJUnitTestClassProcessor.java:62)
	at org.gradle.api.internal.tasks.testing.SuiteTestClassProcessor.processTestClass(SuiteTestClassProcessor.java:51)
	at java.base/jdk.internal.reflect.NativeMethodAccessorImpl.invoke0(Native Method)
	at java.base/jdk.internal.reflect.NativeMethodAccessorImpl.invoke(NativeMethodAccessorImpl.java:62)
	at java.base/jdk.internal.reflect.DelegatingMethodAccessorImpl.invoke(DelegatingMethodAccessorImpl.java:43)
	at java.base/java.lang.reflect.Method.invoke(Method.java:566)
	at org.gradle.internal.dispatch.ReflectionDispatch.dispatch(ReflectionDispatch.java:35)
	at org.gradle.internal.dispatch.ReflectionDispatch.dispatch(ReflectionDispatch.java:24)
	at org.gradle.internal.dispatch.ContextClassLoaderDispatch.dispatch(ContextClassLoaderDispatch.java:32)
	at org.gradle.internal.dispatch.ProxyDispatchAdapter$DispatchingInvocationHandler.invoke(ProxyDispatchAdapter.java:93)
	at com.sun.proxy.$Proxy2.processTestClass(Unknown Source)
	at org.gradle.api.internal.tasks.testing.worker.TestWorker.processTestClass(TestWorker.java:118)
	at java.base/jdk.internal.reflect.NativeMethodAccessorImpl.invoke0(Native Method)
	at java.base/jdk.internal.reflect.NativeMethodAccessorImpl.invoke(NativeMethodAccessorImpl.java:62)
	at java.base/jdk.internal.reflect.DelegatingMethodAccessorImpl.invoke(DelegatingMethodAccessorImpl.java:43)
	at java.base/java.lang.reflect.Method.invoke(Method.java:566)
	at org.gradle.internal.dispatch.ReflectionDispatch.dispatch(ReflectionDispatch.java:35)
	at org.gradle.internal.dispatch.ReflectionDispatch.dispatch(ReflectionDispatch.java:24)
	at org.gradle.internal.remote.internal.hub.MessageHubBackedObjectConnection$DispatchWrapper.dispatch(MessageHubBackedObjectConnection.java:175)
	at org.gradle.internal.remote.internal.hub.MessageHubBackedObjectConnection$DispatchWrapper.dispatch(MessageHubBackedObjectConnection.java:157)
	at org.gradle.internal.remote.internal.hub.MessageHub$Handler.run(MessageHub.java:404)
	at org.gradle.internal.concurrent.ExecutorPolicy$CatchAndRecordFailures.onExecute(ExecutorPolicy.java:63)
	at org.gradle.internal.concurrent.ManagedExecutorImpl$1.run(ManagedExecutorImpl.java:46)
	at java.base/java.util.concurrent.ThreadPoolExecutor.runWorker(ThreadPoolExecutor.java:1128)
	at java.base/java.util.concurrent.ThreadPoolExecutor$Worker.run(ThreadPoolExecutor.java:628)
	at org.gradle.internal.concurrent.ThreadFactoryImpl$ManagedThreadRunnable.run(ThreadFactoryImpl.java:55)
	at java.base/java.lang.Thread.run(Thread.java:834)
</failure>
  </testcase>
  <system-out><![CDATA[]]></system-out>
  <system-err><![CDATA[[Test worker] WARN net.thucydides.core.steps.BaseStepListener - stepStarted: net.thucydides.core.steps.ExecutedStepDescription@69dba02d
[Test worker] WARN net.thucydides.core.steps.BaseStepListener - stepStarted: net.thucydides.core.steps.ExecutedStepDescription@43461aa
[Test worker] WARN net.thucydides.core.steps.BaseStepListener - stepStarted: net.thucydides.core.steps.ExecutedStepDescription@65fa2a1b
mar. 29, 2022 11:44:04 P. M. org.openqa.selenium.remote.DesiredCapabilities chrome
INFORMACIÓN: Using `new ChromeOptions()` is preferred to `DesiredCapabilities.chrome()`
[Test worker] INFO net.serenitybdd.core.webdriver.driverproviders.ProvideNewDriver - Instantiating driver
[Test worker] INFO net.serenitybdd.core.webdriver.driverproviders.ProvideNewDriver - Driver capabilities: Capabilities {acceptInsecureCerts: false, browserName: chrome, chrome.switches: --start-maximized, goog:chromeOptions: {args: [--start-maximized], extensions: []}, loggingPrefs: org.openqa.selenium.logging..., platform: ANY, version: }
Starting ChromeDriver 99.0.4844.51 (d537ec02474b5afe23684e7963d538896c63ac77-refs/branch-heads/4844@{#875}) on port 35556
Only local connections are allowed.
Please see https://chromedriver.chromium.org/security-considerations for suggestions on keeping ChromeDriver safe.
ChromeDriver was started successfully.
mar. 29, 2022 11:44:10 P. M. org.openqa.selenium.remote.ProtocolHandshake createSession
INFORMACIÓN: Detected dialect: W3C
[Test worker] WARN net.thucydides.core.steps.BaseStepListener - stepFinished: current outcome:create user on the platform:Given Manuel wants to access the platform [Manuel open up [Manuel opens the Principalpage]]
[Test worker] WARN net.thucydides.core.steps.BaseStepListener - stepFinished: current outcome:create user on the platform:Given Manuel wants to access the platform [Manuel open up [Manuel opens the Principalpage]]
[Test worker] WARN net.thucydides.core.steps.BaseStepListener - stepFinished: current outcome:create user on the platform:Given Manuel wants to access the platform [Manuel open up [Manuel opens the Principalpage]]
[Test worker] WARN net.thucydides.core.steps.BaseStepListener - stepStarted: net.thucydides.core.steps.ExecutedStepDescription@32496a7a
[Test worker] WARN net.thucydides.core.steps.BaseStepListener - stepStarted: net.thucydides.core.steps.ExecutedStepDescription@3debbfbf
[Test worker] WARN net.thucydides.core.steps.BaseStepListener - stepStarted: net.thucydides.core.steps.ExecutedStepDescription@414b6d99
[Test worker] WARN net.thucydides.core.steps.BaseStepListener - stepFinished: current outcome:create user on the platform:Given Manuel wants to access the platform [Manuel open up [Manuel opens the Principalpage]], When entering the requested data
| firstname | lastname | address | email | phone | country | year | month | day | pass | rpass |
| Manuel | Bolano | Cerete-cordoba | manuelbgalindo@gmail.com | 3135349723 | japan | 1999 | april | 13 | Manuelandres1@ | Manuelandres1@ | [Manuel register [Manuel enters 'Manuel' into FirstName]]
[Test worker] WARN net.thucydides.core.steps.BaseStepListener - stepStarted: net.thucydides.core.steps.ExecutedStepDescription@7d28955f
[Test worker] WARN net.thucydides.core.steps.BaseStepListener - stepFinished: current outcome:create user on the platform:Given Manuel wants to access the platform [Manuel open up [Manuel opens the Principalpage]], When entering the requested data
| firstname | lastname | address | email | phone | country | year | month | day | pass | rpass |
| Manuel | Bolano | Cerete-cordoba | manuelbgalindo@gmail.com | 3135349723 | japan | 1999 | april | 13 | Manuelandres1@ | Manuelandres1@ | [Manuel register [Manuel enters 'Manuel' into FirstName, Manuel enters 'Bolano' into Lastname]]
[Test worker] WARN net.thucydides.core.steps.BaseStepListener - stepStarted: net.thucydides.core.steps.ExecutedStepDescription@5c1ef8ec
[Test worker] WARN net.thucydides.core.steps.BaseStepListener - stepFinished: current outcome:create user on the platform:Given Manuel wants to access the platform [Manuel open up [Manuel opens the Principalpage]], When entering the requested data
| firstname | lastname | address | email | phone | country | year | month | day | pass | rpass |
| Manuel | Bolano | Cerete-cordoba | manuelbgalindo@gmail.com | 3135349723 | japan | 1999 | april | 13 | Manuelandres1@ | Manuelandres1@ | [Manuel register [Manuel enters 'Manuel' into FirstName, Manuel enters 'Bolano' into Lastname, Manuel enters 'Cerete-cordoba' into address]]
[Test worker] WARN net.thucydides.core.steps.BaseStepListener - stepStarted: net.thucydides.core.steps.ExecutedStepDescription@4931748f
[Test worker] WARN net.thucydides.core.steps.BaseStepListener - stepFinished: current outcome:create user on the platform:Given Manuel wants to access the platform [Manuel open up [Manuel opens the Principalpage]], When entering the requested data
| firstname | lastname | address | email | phone | country | year | month | day | pass | rpass |
| Manuel | Bolano | Cerete-cordoba | manuelbgalindo@gmail.com | 3135349723 | japan | 1999 | april | 13 | Manuelandres1@ | Manuelandres1@ | [Manuel register [Manuel enters 'Manuel' into FirstName, Manuel enters 'Bolano' into Lastname, Manuel enters 'Cerete-cordoba' into address, Manuel enters 'manuelbgalindo@gmail.com' into email]]
[Test worker] WARN net.thucydides.core.steps.BaseStepListener - stepStarted: net.thucydides.core.steps.ExecutedStepDescription@6f367194
[Test worker] WARN net.thucydides.core.steps.BaseStepListener - stepFinished: current outcome:create user on the platform:Given Manuel wants to access the platform [Manuel open up [Manuel opens the Principalpage]], When entering the requested data
| firstname | lastname | address | email | phone | country | year | month | day | pass | rpass |
| Manuel | Bolano | Cerete-cordoba | manuelbgalindo@gmail.com | 3135349723 | japan | 1999 | april | 13 | Manuelandres1@ | Manuelandres1@ | [Manuel register [Manuel enters 'Manuel' into FirstName, Manuel enters 'Bolano' into Lastname, Manuel enters 'Cerete-cordoba' into address, Manuel enters 'manuelbgalindo@gmail.com' into email, Manuel enters '3135349723' into phone]]
[Test worker] WARN net.thucydides.core.steps.BaseStepListener - stepStarted: net.thucydides.core.steps.ExecutedStepDescription@3d31f14e
[Test worker] WARN net.thucydides.core.steps.BaseStepListener - stepFinished: current outcome:create user on the platform:Given Manuel wants to access the platform [Manuel open up [Manuel opens the Principalpage]], When entering the requested data
| firstname | lastname | address | email | phone | country | year | month | day | pass | rpass |
| Manuel | Bolano | Cerete-cordoba | manuelbgalindo@gmail.com | 3135349723 | japan | 1999 | april | 13 | Manuelandres1@ | Manuelandres1@ | [Manuel register [Manuel enters 'Manuel' into FirstName, Manuel enters 'Bolano' into Lastname, Manuel enters 'Cerete-cordoba' into address, Manuel enters 'manuelbgalindo@gmail.com' into email, Manuel enters '3135349723' into phone, Manuel clicks on gender]]
[Test worker] WARN net.thucydides.core.steps.BaseStepListener - stepStarted: net.thucydides.core.steps.ExecutedStepDescription@3c370181
[Test worker] WARN net.thucydides.core.steps.BaseStepListener - stepFinished: current outcome:create user on the platform:Given Manuel wants to access the platform [Manuel open up [Manuel opens the Principalpage]], When entering the requested data
| firstname | lastname | address | email | phone | country | year | month | day | pass | rpass |
| Manuel | Bolano | Cerete-cordoba | manuelbgalindo@gmail.com | 3135349723 | japan | 1999 | april | 13 | Manuelandres1@ | Manuelandres1@ | [Manuel register [Manuel enters 'Manuel' into FirstName, Manuel enters 'Bolano' into Lastname, Manuel enters 'Cerete-cordoba' into address, Manuel enters 'manuelbgalindo@gmail.com' into email, Manuel enters '3135349723' into phone, Manuel clicks on gender, Manuel clicks on hobbies]]
[Test worker] WARN net.thucydides.core.steps.BaseStepListener - stepStarted: net.thucydides.core.steps.ExecutedStepDescription@34951fd6
[Test worker] WARN net.thucydides.core.steps.BaseStepListener - stepFinished: current outcome:create user on the platform:Given Manuel wants to access the platform [Manuel open up [Manuel opens the Principalpage]], When entering the requested data
| firstname | lastname | address | email | phone | country | year | month | day | pass | rpass |
| Manuel | Bolano | Cerete-cordoba | manuelbgalindo@gmail.com | 3135349723 | japan | 1999 | april | 13 | Manuelandres1@ | Manuelandres1@ | [Manuel register [Manuel enters 'Manuel' into FirstName, Manuel enters 'Bolano' into Lastname, Manuel enters 'Cerete-cordoba' into address, Manuel enters 'manuelbgalindo@gmail.com' into email, Manuel enters '3135349723' into phone, Manuel clicks on gender, Manuel clicks on hobbies, Manuel clicks on languages]]
[Test worker] WARN net.thucydides.core.steps.BaseStepListener - stepStarted: net.thucydides.core.steps.ExecutedStepDescription@7cd33962
[Test worker] WARN net.thucydides.core.steps.BaseStepListener - stepFinished: current outcome:create user on the platform:Given Manuel wants to access the platform [Manuel open up [Manuel opens the Principalpage]], When entering the requested data
| firstname | lastname | address | email | phone | country | year | month | day | pass | rpass |
| Manuel | Bolano | Cerete-cordoba | manuelbgalindo@gmail.com | 3135349723 | japan | 1999 | april | 13 | Manuelandres1@ | Manuelandres1@ | [Manuel register [Manuel enters 'Manuel' into FirstName, Manuel enters 'Bolano' into Lastname, Manuel enters 'Cerete-cordoba' into address, Manuel enters 'manuelbgalindo@gmail.com' into email, Manuel enters '3135349723' into phone, Manuel clicks on gender, Manuel clicks on hobbies, Manuel clicks on languages, Manuel clicks on languages2]]
[Test worker] WARN net.thucydides.core.steps.BaseStepListener - stepStarted: net.thucydides.core.steps.ExecutedStepDescription@18970b6d
[Test worker] WARN net.thucydides.core.steps.BaseStepListener - stepFinished: current outcome:create user on the platform:Given Manuel wants to access the platform [Manuel open up [Manuel opens the Principalpage]], When entering the requested data
| firstname | lastname | address | email | phone | country | year | month | day | pass | rpass |
| Manuel | Bolano | Cerete-cordoba | manuelbgalindo@gmail.com | 3135349723 | japan | 1999 | april | 13 | Manuelandres1@ | Manuelandres1@ | [Manuel register [Manuel enters 'Manuel' into FirstName, Manuel enters 'Bolano' into Lastname, Manuel enters 'Cerete-cordoba' into address, Manuel enters 'manuelbgalindo@gmail.com' into email, Manuel enters '3135349723' into phone, Manuel clicks on gender, Manuel clicks on hobbies, Manuel clicks on languages, Manuel clicks on languages2, Manuel clicks on div]]
[Test worker] WARN net.thucydides.core.steps.BaseStepListener - stepStarted: net.thucydides.core.steps.ExecutedStepDescription@732b6c5c
[Test worker] WARN net.thucydides.core.steps.BaseStepListener - stepFinished: current outcome:create user on the platform:Given Manuel wants to access the platform [Manuel open up [Manuel opens the Principalpage]], When entering the requested data
| firstname | lastname | address | email | phone | country | year | month | day | pass | rpass |
| Manuel | Bolano | Cerete-cordoba | manuelbgalindo@gmail.com | 3135349723 | japan | 1999 | april | 13 | Manuelandres1@ | Manuelandres1@ | [Manuel register [Manuel enters 'Manuel' into FirstName, Manuel enters 'Bolano' into Lastname, Manuel enters 'Cerete-cordoba' into address, Manuel enters 'manuelbgalindo@gmail.com' into email, Manuel enters '3135349723' into phone, Manuel clicks on gender, Manuel clicks on hobbies, Manuel clicks on languages, Manuel clicks on languages2, Manuel clicks on div, Manuel clicks on skills]]
[Test worker] WARN net.thucydides.core.steps.BaseStepListener - stepStarted: net.thucydides.core.steps.ExecutedStepDescription@6ae981eb
[Test worker] WARN net.thucydides.core.steps.BaseStepListener - stepFinished: current outcome:create user on the platform:Given Manuel wants to access the platform [Manuel open up [Manuel opens the Principalpage]], When entering the requested data
| firstname | lastname | address | email | phone | country | year | month | day | pass | rpass |
| Manuel | Bolano | Cerete-cordoba | manuelbgalindo@gmail.com | 3135349723 | japan | 1999 | april | 13 | Manuelandres1@ | Manuelandres1@ | [Manuel register [Manuel enters 'Manuel' into FirstName, Manuel enters 'Bolano' into Lastname, Manuel enters 'Cerete-cordoba' into address, Manuel enters 'manuelbgalindo@gmail.com' into email, Manuel enters '3135349723' into phone, Manuel clicks on gender, Manuel clicks on hobbies, Manuel clicks on languages, Manuel clicks on languages2, Manuel clicks on div, Manuel clicks on skills, Manuel clicks on country]]
[Test worker] WARN net.thucydides.core.steps.BaseStepListener - stepStarted: net.thucydides.core.steps.ExecutedStepDescription@3aa38484
[Test worker] WARN net.thucydides.core.steps.BaseStepListener - stepFinished: current outcome:create user on the platform:Given Manuel wants to access the platform [Manuel open up [Manuel opens the Principalpage]], When entering the requested data
| firstname | lastname | address | email | phone | country | year | month | day | pass | rpass |
| Manuel | Bolano | Cerete-cordoba | manuelbgalindo@gmail.com | 3135349723 | japan | 1999 | april | 13 | Manuelandres1@ | Manuelandres1@ | [Manuel register [Manuel enters 'Manuel' into FirstName, Manuel enters 'Bolano' into Lastname, Manuel enters 'Cerete-cordoba' into address, Manuel enters 'manuelbgalindo@gmail.com' into email, Manuel enters '3135349723' into phone, Manuel clicks on gender, Manuel clicks on hobbies, Manuel clicks on languages, Manuel clicks on languages2, Manuel clicks on div, Manuel clicks on skills, Manuel clicks on country, Manuel enters 'japan' into country2]]
[Test worker] WARN net.thucydides.core.steps.BaseStepListener - stepStarted: net.thucydides.core.steps.ExecutedStepDescription@6705b35b
[Test worker] WARN net.thucydides.core.steps.BaseStepListener - stepFinished: current outcome:create user on the platform:Given Manuel wants to access the platform [Manuel open up [Manuel opens the Principalpage]], When entering the requested data
| firstname | lastname | address | email | phone | country | year | month | day | pass | rpass |
| Manuel | Bolano | Cerete-cordoba | manuelbgalindo@gmail.com | 3135349723 | japan | 1999 | april | 13 | Manuelandres1@ | Manuelandres1@ | [Manuel register [Manuel enters 'Manuel' into FirstName, Manuel enters 'Bolano' into Lastname, Manuel enters 'Cerete-cordoba' into address, Manuel enters 'manuelbgalindo@gmail.com' into email, Manuel enters '3135349723' into phone, Manuel clicks on gender, Manuel clicks on hobbies, Manuel clicks on languages, Manuel clicks on languages2, Manuel clicks on div, Manuel clicks on skills, Manuel clicks on country, Manuel enters 'japan' into country2, Manuel types 'ARROW_DOWN' in country2]]
[Test worker] WARN net.thucydides.core.steps.BaseStepListener - stepStarted: net.thucydides.core.steps.ExecutedStepDescription@21ad5a5e
[Test worker] WARN net.thucydides.core.steps.BaseStepListener - stepFinished: current outcome:create user on the platform:Given Manuel wants to access the platform [Manuel open up [Manuel opens the Principalpage]], When entering the requested data
| firstname | lastname | address | email | phone | country | year | month | day | pass | rpass |
| Manuel | Bolano | Cerete-cordoba | manuelbgalindo@gmail.com | 3135349723 | japan | 1999 | april | 13 | Manuelandres1@ | Manuelandres1@ | [Manuel register [Manuel enters 'Manuel' into FirstName, Manuel enters 'Bolano' into Lastname, Manuel enters 'Cerete-cordoba' into address, Manuel enters 'manuelbgalindo@gmail.com' into email, Manuel enters '3135349723' into phone, Manuel clicks on gender, Manuel clicks on hobbies, Manuel clicks on languages, Manuel clicks on languages2, Manuel clicks on div, Manuel clicks on skills, Manuel clicks on country, Manuel enters 'japan' into country2, Manuel types 'ARROW_DOWN' in country2, Manuel types 'ENTER' in country2]]
[Test worker] WARN net.thucydides.core.steps.BaseStepListener - stepStarted: net.thucydides.core.steps.ExecutedStepDescription@fe54fe5
[Test worker] WARN net.thucydides.core.steps.BaseStepListener - stepFinished: current outcome:create user on the platform:Given Manuel wants to access the platform [Manuel open up [Manuel opens the Principalpage]], When entering the requested data
| firstname | lastname | address | email | phone | country | year | month | day | pass | rpass |
| Manuel | Bolano | Cerete-cordoba | manuelbgalindo@gmail.com | 3135349723 | japan | 1999 | april | 13 | Manuelandres1@ | Manuelandres1@ | [Manuel register [Manuel enters 'Manuel' into FirstName, Manuel enters 'Bolano' into Lastname, Manuel enters 'Cerete-cordoba' into address, Manuel enters 'manuelbgalindo@gmail.com' into email, Manuel enters '3135349723' into phone, Manuel clicks on gender, Manuel clicks on hobbies, Manuel clicks on languages, Manuel clicks on languages2, Manuel clicks on div, Manuel clicks on skills, Manuel clicks on country, Manuel enters 'japan' into country2, Manuel types 'ARROW_DOWN' in country2, Manuel types 'ENTER' in country2, Manuel enters '1999' into year]]
[Test worker] WARN net.thucydides.core.steps.BaseStepListener - stepStarted: net.thucydides.core.steps.ExecutedStepDescription@65363e93
[Test worker] WARN net.thucydides.core.steps.BaseStepListener - stepFinished: current outcome:create user on the platform:Given Manuel wants to access the platform [Manuel open up [Manuel opens the Principalpage]], When entering the requested data
| firstname | lastname | address | email | phone | country | year | month | day | pass | rpass |
| Manuel | Bolano | Cerete-cordoba | manuelbgalindo@gmail.com | 3135349723 | japan | 1999 | april | 13 | Manuelandres1@ | Manuelandres1@ | [Manuel register [Manuel enters 'Manuel' into FirstName, Manuel enters 'Bolano' into Lastname, Manuel enters 'Cerete-cordoba' into address, Manuel enters 'manuelbgalindo@gmail.com' into email, Manuel enters '3135349723' into phone, Manuel clicks on gender, Manuel clicks on hobbies, Manuel clicks on languages, Manuel clicks on languages2, Manuel clicks on div, Manuel clicks on skills, Manuel clicks on country, Manuel enters 'japan' into country2, Manuel types 'ARROW_DOWN' in country2, Manuel types 'ENTER' in country2, Manuel enters '1999' into year, Manuel enters 'april' into month]]
[Test worker] WARN net.thucydides.core.steps.BaseStepListener - stepStarted: net.thucydides.core.steps.ExecutedStepDescription@622bd655
[Test worker] WARN net.thucydides.core.steps.BaseStepListener - stepFinished: current outcome:create user on the platform:Given Manuel wants to access the platform [Manuel open up [Manuel opens the Principalpage]], When entering the requested data
| firstname | lastname | address | email | phone | country | year | month | day | pass | rpass |
| Manuel | Bolano | Cerete-cordoba | manuelbgalindo@gmail.com | 3135349723 | japan | 1999 | april | 13 | Manuelandres1@ | Manuelandres1@ | [Manuel register [Manuel enters 'Manuel' into FirstName, Manuel enters 'Bolano' into Lastname, Manuel enters 'Cerete-cordoba' into address, Manuel enters 'manuelbgalindo@gmail.com' into email, Manuel enters '3135349723' into phone, Manuel clicks on gender, Manuel clicks on hobbies, Manuel clicks on languages, Manuel clicks on languages2, Manuel clicks on div, Manuel clicks on skills, Manuel clicks on country, Manuel enters 'japan' into country2, Manuel types 'ARROW_DOWN' in country2, Manuel types 'ENTER' in country2, Manuel enters '1999' into year, Manuel enters 'april' into month, Manuel enters '13' into day]]
[Test worker] WARN net.thucydides.core.steps.BaseStepListener - stepStarted: net.thucydides.core.steps.ExecutedStepDescription@51f62ca5
[Test worker] WARN net.thucydides.core.steps.BaseStepListener - stepFinished: current outcome:create user on the platform:Given Manuel wants to access the platform [Manuel open up [Manuel opens the Principalpage]], When entering the requested data
| firstname | lastname | address | email | phone | country | year | month | day | pass | rpass |
| Manuel | Bolano | Cerete-cordoba | manuelbgalindo@gmail.com | 3135349723 | japan | 1999 | april | 13 | Manuelandres1@ | Manuelandres1@ | [Manuel register [Manuel enters 'Manuel' into FirstName, Manuel enters 'Bolano' into Lastname, Manuel enters 'Cerete-cordoba' into address, Manuel enters 'manuelbgalindo@gmail.com' into email, Manuel enters '3135349723' into phone, Manuel clicks on gender, Manuel clicks on hobbies, Manuel clicks on languages, Manuel clicks on languages2, Manuel clicks on div, Manuel clicks on skills, Manuel clicks on country, Manuel enters 'japan' into country2, Manuel types 'ARROW_DOWN' in country2, Manuel types 'ENTER' in country2, Manuel enters '1999' into year, Manuel enters 'april' into month, Manuel enters '13' into day, Manuel enters 'Manuelandres1@' into pass]]
[Test worker] WARN net.thucydides.core.steps.BaseStepListener - stepStarted: net.thucydides.core.steps.ExecutedStepDescription@1b4814bf
[Test worker] WARN net.thucydides.core.steps.BaseStepListener - stepFinished: current outcome:create user on the platform:Given Manuel wants to access the platform [Manuel open up [Manuel opens the Principalpage]], When entering the requested data
| firstname | lastname | address | email | phone | country | year | month | day | pass | rpass |
| Manuel | Bolano | Cerete-cordoba | manuelbgalindo@gmail.com | 3135349723 | japan | 1999 | april | 13 | Manuelandres1@ | Manuelandres1@ | [Manuel register [Manuel enters 'Manuel' into FirstName, Manuel enters 'Bolano' into Lastname, Manuel enters 'Cerete-cordoba' into address, Manuel enters 'manuelbgalindo@gmail.com' into email, Manuel enters '3135349723' into phone, Manuel clicks on gender, Manuel clicks on hobbies, Manuel clicks on languages, Manuel clicks on languages2, Manuel clicks on div, Manuel clicks on skills, Manuel clicks on country, Manuel enters 'japan' into country2, Manuel types 'ARROW_DOWN' in country2, Manuel types 'ENTER' in country2, Manuel enters '1999' into year, Manuel enters 'april' into month, Manuel enters '13' into day, Manuel enters 'Manuelandres1@' into pass, Manuel enters 'Manuelandres1@' into rpass]]
[Test worker] WARN net.thucydides.core.steps.BaseStepListener - stepStarted: net.thucydides.core.steps.ExecutedStepDescription@159e7ce7
[Test worker] WARN net.thucydides.core.steps.BaseStepListener - stepFinished: current outcome:create user on the platform:Given Manuel wants to access the platform [Manuel open up [Manuel opens the Principalpage]], When entering the requested data
| firstname | lastname | address | email | phone | country | year | month | day | pass | rpass |
| Manuel | Bolano | Cerete-cordoba | manuelbgalindo@gmail.com | 3135349723 | japan | 1999 | april | 13 | Manuelandres1@ | Manuelandres1@ | [Manuel register [Manuel enters 'Manuel' into FirstName, Manuel enters 'Bolano' into Lastname, Manuel enters 'Cerete-cordoba' into address, Manuel enters 'manuelbgalindo@gmail.com' into email, Manuel enters '3135349723' into phone, Manuel clicks on gender, Manuel clicks on hobbies, Manuel clicks on languages, Manuel clicks on languages2, Manuel clicks on div, Manuel clicks on skills, Manuel clicks on country, Manuel enters 'japan' into country2, Manuel types 'ARROW_DOWN' in country2, Manuel types 'ENTER' in country2, Manuel enters '1999' into year, Manuel enters 'april' into month, Manuel enters '13' into day, Manuel enters 'Manuelandres1@' into pass, Manuel enters 'Manuelandres1@' into rpass, Manuel clicks on submit]]
[Test worker] WARN net.thucydides.core.steps.BaseStepListener - stepFinished: current outcome:create user on the platform:Given Manuel wants to access the platform [Manuel open up [Manuel opens the Principalpage]], When entering the requested data
| firstname | lastname | address | email | phone | country | year | month | day | pass | rpass |
| Manuel | Bolano | Cerete-cordoba | manuelbgalindo@gmail.com | 3135349723 | japan | 1999 | april | 13 | Manuelandres1@ | Manuelandres1@ | [Manuel register [Manuel enters 'Manuel' into FirstName, Manuel enters 'Bolano' into Lastname, Manuel enters 'Cerete-cordoba' into address, Manuel enters 'manuelbgalindo@gmail.com' into email, Manuel enters '3135349723' into phone, Manuel clicks on gender, Manuel clicks on hobbies, Manuel clicks on languages, Manuel clicks on languages2, Manuel clicks on div, Manuel clicks on skills, Manuel clicks on country, Manuel enters 'japan' into country2, Manuel types 'ARROW_DOWN' in country2, Manuel types 'ENTER' in country2, Manuel enters '1999' into year, Manuel enters 'april' into month, Manuel enters '13' into day, Manuel enters 'Manuelandres1@' into pass, Manuel enters 'Manuelandres1@' into rpass, Manuel clicks on submit]]
[Test worker] WARN net.thucydides.core.steps.BaseStepListener - stepFinished: current outcome:create user on the platform:Given Manuel wants to access the platform [Manuel open up [Manuel opens the Principalpage]], When entering the requested data
| firstname | lastname | address | email | phone | country | year | month | day | pass | rpass |
| Manuel | Bolano | Cerete-cordoba | manuelbgalindo@gmail.com | 3135349723 | japan | 1999 | april | 13 | Manuelandres1@ | Manuelandres1@ | [Manuel register [Manuel enters 'Manuel' into FirstName, Manuel enters 'Bolano' into Lastname, Manuel enters 'Cerete-cordoba' into address, Manuel enters 'manuelbgalindo@gmail.com' into email, Manuel enters '3135349723' into phone, Manuel clicks on gender, Manuel clicks on hobbies, Manuel clicks on languages, Manuel clicks on languages2, Manuel clicks on div, Manuel clicks on skills, Manuel clicks on country, Manuel enters 'japan' into country2, Manuel types 'ARROW_DOWN' in country2, Manuel types 'ENTER' in country2, Manuel enters '1999' into year, Manuel enters 'april' into month, Manuel enters '13' into day, Manuel enters 'Manuelandres1@' into pass, Manuel enters 'Manuelandres1@' into rpass, Manuel clicks on submit]]
[Test worker] WARN net.thucydides.core.steps.BaseStepListener - stepStarted: net.thucydides.core.steps.ExecutedStepDescription@26c49e7a
[Test worker] WARN net.thucydides.core.steps.BaseStepListener - testFinished: create user on the platform:Given Manuel wants to access the platform [Manuel open up [Manuel opens the Principalpage]], When entering the requested data
| firstname | lastname | address | email | phone | country | year | month | day | pass | rpass |
| Manuel | Bolano | Cerete-cordoba | manuelbgalindo@gmail.com | 3135349723 | japan | 1999 | april | 13 | Manuelandres1@ | Manuelandres1@ | [Manuel register [Manuel enters 'Manuel' into FirstName, Manuel enters 'Bolano' into Lastname, Manuel enters 'Cerete-cordoba' into address, Manuel enters 'manuelbgalindo@gmail.com' into email, Manuel enters '3135349723' into phone, Manuel clicks on gender, Manuel clicks on hobbies, Manuel clicks on languages, Manuel clicks on languages2, Manuel clicks on div, Manuel clicks on skills, Manuel clicks on country, Manuel enters 'japan' into country2, Manuel types 'ARROW_DOWN' in country2, Manuel types 'ENTER' in country2, Manuel enters '1999' into year, Manuel enters 'april' into month, Manuel enters '13' into day, Manuel enters 'Manuelandres1@' into pass, Manuel enters 'Manuelandres1@' into rpass, Manuel clicks on submit]], Then the creation is completed by filling in the data and pressing the button submit
| button |
| submit |
[Test worker] WARN net.thucydides.core.steps.BaseStepListener - TestOutcomes: [create user on the platform:Given Manuel wants to access the platform [Manuel open up [Manuel opens the Principalpage]], When entering the requested data
| firstname | lastname | address | email | phone | country | year | month | day | pass | rpass |
| Manuel | Bolano | Cerete-cordoba | manuelbgalindo@gmail.com | 3135349723 | japan | 1999 | april | 13 | Manuelandres1@ | Manuelandres1@ | [Manuel register [Manuel enters 'Manuel' into FirstName, Manuel enters 'Bolano' into Lastname, Manuel enters 'Cerete-cordoba' into address, Manuel enters 'manuelbgalindo@gmail.com' into email, Manuel enters '3135349723' into phone, Manuel clicks on gender, Manuel clicks on hobbies, Manuel clicks on languages, Manuel clicks on languages2, Manuel clicks on div, Manuel clicks on skills, Manuel clicks on country, Manuel enters 'japan' into country2, Manuel types 'ARROW_DOWN' in country2, Manuel types 'ENTER' in country2, Manuel enters '1999' into year, Manuel enters 'april' into month, Manuel enters '13' into day, Manuel enters 'Manuelandres1@' into pass, Manuel enters 'Manuelandres1@' into rpass, Manuel clicks on submit]], Then the creation is completed by filling in the data and pressing the button submit
| button |
| submit |]
[Test worker] WARN net.thucydides.core.steps.BaseStepListener - Final testOutcomes: [create user on the platform:Given Manuel wants to access the platform [Manuel open up [Manuel opens the Principalpage]], When entering the requested data
| firstname | lastname | address | email | phone | country | year | month | day | pass | rpass |
| Manuel | Bolano | Cerete-cordoba | manuelbgalindo@gmail.com | 3135349723 | japan | 1999 | april | 13 | Manuelandres1@ | Manuelandres1@ | [Manuel register [Manuel enters 'Manuel' into FirstName, Manuel enters 'Bolano' into Lastname, Manuel enters 'Cerete-cordoba' into address, Manuel enters 'manuelbgalindo@gmail.com' into email, Manuel enters '3135349723' into phone, Manuel clicks on gender, Manuel clicks on hobbies, Manuel clicks on languages, Manuel clicks on languages2, Manuel clicks on div, Manuel clicks on skills, Manuel clicks on country, Manuel enters 'japan' into country2, Manuel types 'ARROW_DOWN' in country2, Manuel types 'ENTER' in country2, Manuel enters '1999' into year, Manuel enters 'april' into month, Manuel enters '13' into day, Manuel enters 'Manuelandres1@' into pass, Manuel enters 'Manuelandres1@' into rpass, Manuel clicks on submit]], Then the creation is completed by filling in the data and pressing the button submit
| button |
| submit |]
[Test worker] ERROR net.thucydides.core.steps.ConsoleLoggingListener - 
           __  _____ _____ ____ _____   _____ _    ___ _     _____ ____  
  _       / / |_   _| ____/ ___|_   _| |  ___/ \  |_ _| |   | ____|  _ \ 
 (_)_____| |    | | |  _| \___ \ | |   | |_ / _ \  | || |   |  _| | | | |
  _|_____| |    | | | |___ ___) || |   |  _/ ___ \ | || |___| |___| |_| |
 (_)     | |    |_| |_____|____/ |_|   |_|/_/   \_\___|_____|_____|____/ 
          \_\                                                            

TEST FAILED WITH ERROR: create user on the platform
---------------------------------------------------------------------
[Test worker] ERROR net.thucydides.core.steps.ConsoleLoggingListener - TEST FAILED AT STEP Then the creation is completed by filling in the data and pressing the button submit | button | | submit |
[Test worker] ERROR net.thucydides.core.steps.ConsoleLoggingListener - Arity mismatch: Step Definition 'co.com.choucair.certification.prueba.stepdefinitions.Stepdefinitions.theCreationIsCompletedByFillingInTheDataAndPressingTheButtonSubmit(String) in file:/C:/Users/ING.%20MANUEL%20BOLA%c3%91O/Desktop/pruebatecnicamanuel2-main/build/classes/java/test/' with pattern [^the creation is completed by filling in the data and pressing (.*)$] is declared with 1 parameters. However, the gherkin step has 2 arguments [the button submit, Table:[[button], [submit]]]. 
]]></system-err>
</testsuite>
